#
# There is insufficient memory for the Java Runtime Environment to continue.
# Native memory allocation (malloc) failed to allocate 1066816 bytes for Chunk::new
# Possible reasons:
#   The system is out of physical RAM or swap space
#   The process is running with CompressedOops enabled, and the Java Heap may be blocking the growth of the native heap
# Possible solutions:
#   Reduce memory load on the system
#   Increase physical memory or swap space
#   Check if swap backing store is full
#   Decrease Java heap size (-Xmx/-Xms)
#   Decrease number of Java threads
#   Decrease Java thread stack sizes (-Xss)
#   Set larger code cache with -XX:ReservedCodeCacheSize=
#   JVM is running with Unscaled Compressed Oops mode in which the Java heap is
#     placed in the first 4GB address space. The Java Heap base address is the
#     maximum limit for the native heap growth. Please use -XX:HeapBaseMinAddress
#     to set the Java Heap base and to place the Java Heap above 4GB virtual address.
# This output file may be truncated or incomplete.
#
#  Out of Memory Error (arena.cpp:189), pid=19880, tid=11356
#
# JRE version: Java(TM) SE Runtime Environment (17.0.12+8) (build 17.0.12+8-LTS-286)
# Java VM: Java HotSpot(TM) 64-Bit Server VM (17.0.12+8-LTS-286, mixed mode, sharing, tiered, compressed oops, compressed class ptrs, g1 gc, windows-amd64)
# No core dump will be written. Minidumps are not enabled by default on client versions of Windows
#

---------------  S U M M A R Y ------------

Command Line: -javaagent:C:\Program Files\JetBrains\IntelliJ IDEA Community Edition 2025.2\lib\idea_rt.jar=62141 -Dfile.encoding=UTF-8 com.br.pdvpostocombustivel_frontend.FrontendApplication

Host: AMD Ryzen 5 PRO 5650G with Radeon Graphics     , 12 cores, 7G,  Windows 11 , 64 bit Build 26100 (10.0.26100.6725)
Time: Fri Oct 10 20:08:52 2025 Hora oficial do Brasil elapsed time: 13.902776 seconds (0d 0h 0m 13s)

---------------  T H R E A D  ---------------

Current thread (0x0000024d7fb48020):  JavaThread "C2 CompilerThread1" daemon [_thread_in_native, id=11356, stack(0x000000f8cc200000,0x000000f8cc300000)]


Current CompileTask:
C2:  13902 1622       4       jdk.internal.org.objectweb.asm.Frame::execute (2305 bytes)

Stack: [0x000000f8cc200000,0x000000f8cc300000]
Native frames: (J=compiled Java code, j=interpreted, Vv=VM code, C=native code)
V  [jvm.dll+0x67a04a]
V  [jvm.dll+0x7da4ed]
V  [jvm.dll+0x7dbe33]
V  [jvm.dll+0x7dc4a3]
V  [jvm.dll+0x24508f]
V  [jvm.dll+0xab773]
V  [jvm.dll+0xabd3c]
V  [jvm.dll+0x2aa52f]
V  [jvm.dll+0x581eb9]
V  [jvm.dll+0x21f422]
V  [jvm.dll+0x21f81f]
V  [jvm.dll+0x218aa0]
V  [jvm.dll+0x215b65]
V  [jvm.dll+0x1a2960]
V  [jvm.dll+0x22610b]
V  [jvm.dll+0x2242ab]
V  [jvm.dll+0x79075c]
V  [jvm.dll+0x78abea]
V  [jvm.dll+0x678f35]
C  [ucrtbase.dll+0x37b0]
C  [KERNEL32.DLL+0x2e8d7]
C  [ntdll.dll+0x8c53c]


---------------  P R O C E S S  ---------------

Threads class SMR info:
_java_thread_list=0x0000024d471b6600, length=17, elements={
0x0000024d611c7a80, 0x0000024d7f1a1ca0, 0x0000024d7f1a40f0, 0x0000024d7f1bb2b0,
0x0000024d7f1bbb80, 0x0000024d7f1bcfc0, 0x0000024d7f1be400, 0x0000024d7f1c0fb0,
0x0000024d7f1ce210, 0x0000024d7f1ceb20, 0x0000024d7f18dc20, 0x0000024d7f53aa20,
0x0000024d7f4db440, 0x0000024d7fb48020, 0x0000024d7fd0d730, 0x0000024d7fd0e0c0,
0x0000024d7fdcff60
}

Java Threads: ( => current thread )
  0x0000024d611c7a80 JavaThread "main" [_thread_blocked, id=22504, stack(0x000000f8cae00000,0x000000f8caf00000)]
  0x0000024d7f1a1ca0 JavaThread "Reference Handler" daemon [_thread_blocked, id=2524, stack(0x000000f8cb500000,0x000000f8cb600000)]
  0x0000024d7f1a40f0 JavaThread "Finalizer" daemon [_thread_blocked, id=13948, stack(0x000000f8cb600000,0x000000f8cb700000)]
  0x0000024d7f1bb2b0 JavaThread "Signal Dispatcher" daemon [_thread_blocked, id=20332, stack(0x000000f8cb700000,0x000000f8cb800000)]
  0x0000024d7f1bbb80 JavaThread "Attach Listener" daemon [_thread_blocked, id=4584, stack(0x000000f8cb800000,0x000000f8cb900000)]
  0x0000024d7f1bcfc0 JavaThread "Service Thread" daemon [_thread_blocked, id=1176, stack(0x000000f8cb900000,0x000000f8cba00000)]
  0x0000024d7f1be400 JavaThread "Monitor Deflation Thread" daemon [_thread_blocked, id=14864, stack(0x000000f8cba00000,0x000000f8cbb00000)]
  0x0000024d7f1c0fb0 JavaThread "C2 CompilerThread0" daemon [_thread_in_native, id=11832, stack(0x000000f8cbb00000,0x000000f8cbc00000)]
  0x0000024d7f1ce210 JavaThread "C1 CompilerThread0" daemon [_thread_in_native, id=17004, stack(0x000000f8cbc00000,0x000000f8cbd00000)]
  0x0000024d7f1ceb20 JavaThread "Sweeper thread" daemon [_thread_blocked, id=11056, stack(0x000000f8cbd00000,0x000000f8cbe00000)]
  0x0000024d7f18dc20 JavaThread "Common-Cleaner" daemon [_thread_blocked, id=13452, stack(0x000000f8cbe00000,0x000000f8cbf00000)]
  0x0000024d7f53aa20 JavaThread "Monitor Ctrl-Break" daemon [_thread_in_native, id=18060, stack(0x000000f8cbf00000,0x000000f8cc000000)]
  0x0000024d7f4db440 JavaThread "Notification Thread" daemon [_thread_blocked, id=3604, stack(0x000000f8cc000000,0x000000f8cc100000)]
=>0x0000024d7fb48020 JavaThread "C2 CompilerThread1" daemon [_thread_in_native, id=11356, stack(0x000000f8cc200000,0x000000f8cc300000)]
  0x0000024d7fd0d730 JavaThread "Thread-0" [_thread_blocked, id=9308, stack(0x000000f8cc300000,0x000000f8cc400000)]
  0x0000024d7fd0e0c0 JavaThread "restartedMain" [_thread_in_vm, id=16072, stack(0x000000f8cc400000,0x000000f8cc500000)]
  0x0000024d7fdcff60 JavaThread "background-preinit" [_thread_in_vm, id=16888, stack(0x000000f8cca00000,0x000000f8ccb00000)]

Other Threads:
  0x0000024d7f19d880 VMThread "VM Thread" [stack: 0x000000f8cb400000,0x000000f8cb500000] [id=20912]
  0x0000024d61239880 WatcherThread [stack: 0x000000f8cc100000,0x000000f8cc200000] [id=9448]
  0x0000024d6107ec80 GCTaskThread "GC Thread#0" [stack: 0x000000f8caf00000,0x000000f8cb000000] [id=22108]
  0x0000024d7ff19f80 GCTaskThread "GC Thread#1" [stack: 0x000000f8cc500000,0x000000f8cc600000] [id=4752]
  0x0000024d7fcf80d0 GCTaskThread "GC Thread#2" [stack: 0x000000f8cc600000,0x000000f8cc700000] [id=21800]
  0x0000024d7ff1a240 GCTaskThread "GC Thread#3" [stack: 0x000000f8cc700000,0x000000f8cc800000] [id=12496]
  0x0000024d7ff1a500 GCTaskThread "GC Thread#4" [stack: 0x000000f8cc800000,0x000000f8cc900000] [id=3504]
  0x0000024d7ff1a7c0 GCTaskThread "GC Thread#5" [stack: 0x000000f8cc900000,0x000000f8cca00000] [id=11060]
  0x0000024d61229b30 ConcurrentGCThread "G1 Main Marker" [stack: 0x000000f8cb000000,0x000000f8cb100000] [id=18204]
  0x0000024d6122ace0 ConcurrentGCThread "G1 Conc#0" [stack: 0x000000f8cb100000,0x000000f8cb200000] [id=18712]
  0x0000024d7f0580e0 ConcurrentGCThread "G1 Refine#0" [stack: 0x000000f8cb200000,0x000000f8cb300000] [id=8364]
  0x0000024d6128e060 ConcurrentGCThread "G1 Service" [stack: 0x000000f8cb300000,0x000000f8cb400000] [id=21856]

Threads with active compile tasks:
C2 CompilerThread0    13919 1695       4       jdk.internal.loader.URLClassPath::getResource (74 bytes)
C1 CompilerThread0    13919 1711       3       jdk.internal.org.objectweb.asm.MethodWriter::visitFrameStart (55 bytes)
C2 CompilerThread1    13919 1622       4       jdk.internal.org.objectweb.asm.Frame::execute (2305 bytes)

VM state: not at safepoint (normal execution)

VM Mutex/Monitor currently owned by a thread: None

Heap address: 0x000000008a400000, size: 1884 MB, Compressed Oops mode: 32-bit

CDS archive(s) mapped at: [0x0000024d02000000-0x0000024d02bd0000-0x0000024d02bd0000), size 12386304, SharedBaseAddress: 0x0000024d02000000, ArchiveRelocationMode: 1.
Compressed class space mapped at: 0x0000024d03000000-0x0000024d43000000, reserved size: 1073741824
Narrow klass base: 0x0000024d02000000, Narrow klass shift: 0, Narrow klass range: 0x100000000

GC Precious Log:
 CPUs: 12 total, 12 available
 Memory: 7529M
 Large Page Support: Disabled
 NUMA Support: Disabled
 Compressed Oops: Enabled (32-bit)
 Heap Region Size: 1M
 Heap Min Capacity: 8M
 Heap Initial Capacity: 118M
 Heap Max Capacity: 1884M
 Pre-touch: Disabled
 Parallel Workers: 10
 Concurrent Workers: 3
 Concurrent Refinement Workers: 10
 Periodic GC: Disabled

Heap:
 garbage-first heap   total 120832K, used 27719K [0x000000008a400000, 0x0000000100000000)
  region size 1024K, 28 young (28672K), 3 survivors (3072K)
 Metaspace       used 13369K, committed 13568K, reserved 1114112K
  class space    used 1613K, committed 1728K, reserved 1048576K

Heap Regions: E=young(eden), S=young(survivor), O=old, HS=humongous(starts), HC=humongous(continues), CS=collection set, F=free, OA=open archive, CA=closed archive, TAMS=top-at-mark-start (previous, next)
|   0|0x000000008a400000, 0x000000008a500000, 0x000000008a500000|100%| O|  |TAMS 0x000000008a400000, 0x000000008a400000| Untracked 
|   1|0x000000008a500000, 0x000000008a511e00, 0x000000008a600000|  6%| O|  |TAMS 0x000000008a500000, 0x000000008a500000| Untracked 
|   2|0x000000008a600000, 0x000000008a600000, 0x000000008a700000|  0%| F|  |TAMS 0x000000008a600000, 0x000000008a600000| Untracked 
|   3|0x000000008a700000, 0x000000008a700000, 0x000000008a800000|  0%| F|  |TAMS 0x000000008a700000, 0x000000008a700000| Untracked 
|   4|0x000000008a800000, 0x000000008a800000, 0x000000008a900000|  0%| F|  |TAMS 0x000000008a800000, 0x000000008a800000| Untracked 
|   5|0x000000008a900000, 0x000000008a900000, 0x000000008aa00000|  0%| F|  |TAMS 0x000000008a900000, 0x000000008a900000| Untracked 
|   6|0x000000008aa00000, 0x000000008aa00000, 0x000000008ab00000|  0%| F|  |TAMS 0x000000008aa00000, 0x000000008aa00000| Untracked 
|   7|0x000000008ab00000, 0x000000008ab00000, 0x000000008ac00000|  0%| F|  |TAMS 0x000000008ab00000, 0x000000008ab00000| Untracked 
|   8|0x000000008ac00000, 0x000000008ac00000, 0x000000008ad00000|  0%| F|  |TAMS 0x000000008ac00000, 0x000000008ac00000| Untracked 
|   9|0x000000008ad00000, 0x000000008ad00000, 0x000000008ae00000|  0%| F|  |TAMS 0x000000008ad00000, 0x000000008ad00000| Untracked 
|  10|0x000000008ae00000, 0x000000008ae00000, 0x000000008af00000|  0%| F|  |TAMS 0x000000008ae00000, 0x000000008ae00000| Untracked 
|  11|0x000000008af00000, 0x000000008af00000, 0x000000008b000000|  0%| F|  |TAMS 0x000000008af00000, 0x000000008af00000| Untracked 
|  12|0x000000008b000000, 0x000000008b000000, 0x000000008b100000|  0%| F|  |TAMS 0x000000008b000000, 0x000000008b000000| Untracked 
|  13|0x000000008b100000, 0x000000008b100000, 0x000000008b200000|  0%| F|  |TAMS 0x000000008b100000, 0x000000008b100000| Untracked 
|  14|0x000000008b200000, 0x000000008b200000, 0x000000008b300000|  0%| F|  |TAMS 0x000000008b200000, 0x000000008b200000| Untracked 
|  15|0x000000008b300000, 0x000000008b300000, 0x000000008b400000|  0%| F|  |TAMS 0x000000008b300000, 0x000000008b300000| Untracked 
|  16|0x000000008b400000, 0x000000008b400000, 0x000000008b500000|  0%| F|  |TAMS 0x000000008b400000, 0x000000008b400000| Untracked 
|  17|0x000000008b500000, 0x000000008b500000, 0x000000008b600000|  0%| F|  |TAMS 0x000000008b500000, 0x000000008b500000| Untracked 
|  18|0x000000008b600000, 0x000000008b600000, 0x000000008b700000|  0%| F|  |TAMS 0x000000008b600000, 0x000000008b600000| Untracked 
|  19|0x000000008b700000, 0x000000008b700000, 0x000000008b800000|  0%| F|  |TAMS 0x000000008b700000, 0x000000008b700000| Untracked 
|  20|0x000000008b800000, 0x000000008b800000, 0x000000008b900000|  0%| F|  |TAMS 0x000000008b800000, 0x000000008b800000| Untracked 
|  21|0x000000008b900000, 0x000000008b900000, 0x000000008ba00000|  0%| F|  |TAMS 0x000000008b900000, 0x000000008b900000| Untracked 
|  22|0x000000008ba00000, 0x000000008ba00000, 0x000000008bb00000|  0%| F|  |TAMS 0x000000008ba00000, 0x000000008ba00000| Untracked 
|  23|0x000000008bb00000, 0x000000008bb00000, 0x000000008bc00000|  0%| F|  |TAMS 0x000000008bb00000, 0x000000008bb00000| Untracked 
|  24|0x000000008bc00000, 0x000000008bc00000, 0x000000008bd00000|  0%| F|  |TAMS 0x000000008bc00000, 0x000000008bc00000| Untracked 
|  25|0x000000008bd00000, 0x000000008bd00000, 0x000000008be00000|  0%| F|  |TAMS 0x000000008bd00000, 0x000000008bd00000| Untracked 
|  26|0x000000008be00000, 0x000000008be00000, 0x000000008bf00000|  0%| F|  |TAMS 0x000000008be00000, 0x000000008be00000| Untracked 
|  27|0x000000008bf00000, 0x000000008bf00000, 0x000000008c000000|  0%| F|  |TAMS 0x000000008bf00000, 0x000000008bf00000| Untracked 
|  28|0x000000008c000000, 0x000000008c000000, 0x000000008c100000|  0%| F|  |TAMS 0x000000008c000000, 0x000000008c000000| Untracked 
|  29|0x000000008c100000, 0x000000008c100000, 0x000000008c200000|  0%| F|  |TAMS 0x000000008c100000, 0x000000008c100000| Untracked 
|  30|0x000000008c200000, 0x000000008c200000, 0x000000008c300000|  0%| F|  |TAMS 0x000000008c200000, 0x000000008c200000| Untracked 
|  31|0x000000008c300000, 0x000000008c300000, 0x000000008c400000|  0%| F|  |TAMS 0x000000008c300000, 0x000000008c300000| Untracked 
|  32|0x000000008c400000, 0x000000008c400000, 0x000000008c500000|  0%| F|  |TAMS 0x000000008c400000, 0x000000008c400000| Untracked 
|  33|0x000000008c500000, 0x000000008c500000, 0x000000008c600000|  0%| F|  |TAMS 0x000000008c500000, 0x000000008c500000| Untracked 
|  34|0x000000008c600000, 0x000000008c600000, 0x000000008c700000|  0%| F|  |TAMS 0x000000008c600000, 0x000000008c600000| Untracked 
|  35|0x000000008c700000, 0x000000008c700000, 0x000000008c800000|  0%| F|  |TAMS 0x000000008c700000, 0x000000008c700000| Untracked 
|  36|0x000000008c800000, 0x000000008c800000, 0x000000008c900000|  0%| F|  |TAMS 0x000000008c800000, 0x000000008c800000| Untracked 
|  37|0x000000008c900000, 0x000000008c900000, 0x000000008ca00000|  0%| F|  |TAMS 0x000000008c900000, 0x000000008c900000| Untracked 
|  38|0x000000008ca00000, 0x000000008ca00000, 0x000000008cb00000|  0%| F|  |TAMS 0x000000008ca00000, 0x000000008ca00000| Untracked 
|  39|0x000000008cb00000, 0x000000008cb00000, 0x000000008cc00000|  0%| F|  |TAMS 0x000000008cb00000, 0x000000008cb00000| Untracked 
|  40|0x000000008cc00000, 0x000000008cc00000, 0x000000008cd00000|  0%| F|  |TAMS 0x000000008cc00000, 0x000000008cc00000| Untracked 
|  41|0x000000008cd00000, 0x000000008cd00000, 0x000000008ce00000|  0%| F|  |TAMS 0x000000008cd00000, 0x000000008cd00000| Untracked 
|  42|0x000000008ce00000, 0x000000008ce00000, 0x000000008cf00000|  0%| F|  |TAMS 0x000000008ce00000, 0x000000008ce00000| Untracked 
|  43|0x000000008cf00000, 0x000000008cf00000, 0x000000008d000000|  0%| F|  |TAMS 0x000000008cf00000, 0x000000008cf00000| Untracked 
|  44|0x000000008d000000, 0x000000008d000000, 0x000000008d100000|  0%| F|  |TAMS 0x000000008d000000, 0x000000008d000000| Untracked 
|  45|0x000000008d100000, 0x000000008d100000, 0x000000008d200000|  0%| F|  |TAMS 0x000000008d100000, 0x000000008d100000| Untracked 
|  46|0x000000008d200000, 0x000000008d200000, 0x000000008d300000|  0%| F|  |TAMS 0x000000008d200000, 0x000000008d200000| Untracked 
|  47|0x000000008d300000, 0x000000008d300000, 0x000000008d400000|  0%| F|  |TAMS 0x000000008d300000, 0x000000008d300000| Untracked 
|  48|0x000000008d400000, 0x000000008d400000, 0x000000008d500000|  0%| F|  |TAMS 0x000000008d400000, 0x000000008d400000| Untracked 
|  49|0x000000008d500000, 0x000000008d500000, 0x000000008d600000|  0%| F|  |TAMS 0x000000008d500000, 0x000000008d500000| Untracked 
|  50|0x000000008d600000, 0x000000008d600000, 0x000000008d700000|  0%| F|  |TAMS 0x000000008d600000, 0x000000008d600000| Untracked 
|  51|0x000000008d700000, 0x000000008d700000, 0x000000008d800000|  0%| F|  |TAMS 0x000000008d700000, 0x000000008d700000| Untracked 
|  52|0x000000008d800000, 0x000000008d800000, 0x000000008d900000|  0%| F|  |TAMS 0x000000008d800000, 0x000000008d800000| Untracked 
|  53|0x000000008d900000, 0x000000008d900000, 0x000000008da00000|  0%| F|  |TAMS 0x000000008d900000, 0x000000008d900000| Untracked 
|  54|0x000000008da00000, 0x000000008da00000, 0x000000008db00000|  0%| F|  |TAMS 0x000000008da00000, 0x000000008da00000| Untracked 
|  55|0x000000008db00000, 0x000000008db00000, 0x000000008dc00000|  0%| F|  |TAMS 0x000000008db00000, 0x000000008db00000| Untracked 
|  56|0x000000008dc00000, 0x000000008dc00000, 0x000000008dd00000|  0%| F|  |TAMS 0x000000008dc00000, 0x000000008dc00000| Untracked 
|  57|0x000000008dd00000, 0x000000008dd00000, 0x000000008de00000|  0%| F|  |TAMS 0x000000008dd00000, 0x000000008dd00000| Untracked 
|  58|0x000000008de00000, 0x000000008de00000, 0x000000008df00000|  0%| F|  |TAMS 0x000000008de00000, 0x000000008de00000| Untracked 
|  59|0x000000008df00000, 0x000000008df00000, 0x000000008e000000|  0%| F|  |TAMS 0x000000008df00000, 0x000000008df00000| Untracked 
|  60|0x000000008e000000, 0x000000008e000000, 0x000000008e100000|  0%| F|  |TAMS 0x000000008e000000, 0x000000008e000000| Untracked 
|  61|0x000000008e100000, 0x000000008e100000, 0x000000008e200000|  0%| F|  |TAMS 0x000000008e100000, 0x000000008e100000| Untracked 
|  62|0x000000008e200000, 0x000000008e200000, 0x000000008e300000|  0%| F|  |TAMS 0x000000008e200000, 0x000000008e200000| Untracked 
|  63|0x000000008e300000, 0x000000008e300000, 0x000000008e400000|  0%| F|  |TAMS 0x000000008e300000, 0x000000008e300000| Untracked 
|  64|0x000000008e400000, 0x000000008e400000, 0x000000008e500000|  0%| F|  |TAMS 0x000000008e400000, 0x000000008e400000| Untracked 
|  65|0x000000008e500000, 0x000000008e500000, 0x000000008e600000|  0%| F|  |TAMS 0x000000008e500000, 0x000000008e500000| Untracked 
|  66|0x000000008e600000, 0x000000008e600000, 0x000000008e700000|  0%| F|  |TAMS 0x000000008e600000, 0x000000008e600000| Untracked 
|  67|0x000000008e700000, 0x000000008e700000, 0x000000008e800000|  0%| F|  |TAMS 0x000000008e700000, 0x000000008e700000| Untracked 
|  68|0x000000008e800000, 0x000000008e800000, 0x000000008e900000|  0%| F|  |TAMS 0x000000008e800000, 0x000000008e800000| Untracked 
|  69|0x000000008e900000, 0x000000008e900000, 0x000000008ea00000|  0%| F|  |TAMS 0x000000008e900000, 0x000000008e900000| Untracked 
|  70|0x000000008ea00000, 0x000000008ea00000, 0x000000008eb00000|  0%| F|  |TAMS 0x000000008ea00000, 0x000000008ea00000| Untracked 
|  71|0x000000008eb00000, 0x000000008eb00000, 0x000000008ec00000|  0%| F|  |TAMS 0x000000008eb00000, 0x000000008eb00000| Untracked 
|  72|0x000000008ec00000, 0x000000008ec00000, 0x000000008ed00000|  0%| F|  |TAMS 0x000000008ec00000, 0x000000008ec00000| Untracked 
|  73|0x000000008ed00000, 0x000000008ed00000, 0x000000008ee00000|  0%| F|  |TAMS 0x000000008ed00000, 0x000000008ed00000| Untracked 
|  74|0x000000008ee00000, 0x000000008ee00000, 0x000000008ef00000|  0%| F|  |TAMS 0x000000008ee00000, 0x000000008ee00000| Untracked 
|  75|0x000000008ef00000, 0x000000008ef00000, 0x000000008f000000|  0%| F|  |TAMS 0x000000008ef00000, 0x000000008ef00000| Untracked 
|  76|0x000000008f000000, 0x000000008f000000, 0x000000008f100000|  0%| F|  |TAMS 0x000000008f000000, 0x000000008f000000| Untracked 
|  77|0x000000008f100000, 0x000000008f100000, 0x000000008f200000|  0%| F|  |TAMS 0x000000008f100000, 0x000000008f100000| Untracked 
|  78|0x000000008f200000, 0x000000008f200000, 0x000000008f300000|  0%| F|  |TAMS 0x000000008f200000, 0x000000008f200000| Untracked 
|  79|0x000000008f300000, 0x000000008f300000, 0x000000008f400000|  0%| F|  |TAMS 0x000000008f300000, 0x000000008f300000| Untracked 
|  80|0x000000008f400000, 0x000000008f400000, 0x000000008f500000|  0%| F|  |TAMS 0x000000008f400000, 0x000000008f400000| Untracked 
|  81|0x000000008f500000, 0x000000008f500000, 0x000000008f600000|  0%| F|  |TAMS 0x000000008f500000, 0x000000008f500000| Untracked 
|  82|0x000000008f600000, 0x000000008f600000, 0x000000008f700000|  0%| F|  |TAMS 0x000000008f600000, 0x000000008f600000| Untracked 
|  83|0x000000008f700000, 0x000000008f700000, 0x000000008f800000|  0%| F|  |TAMS 0x000000008f700000, 0x000000008f700000| Untracked 
|  84|0x000000008f800000, 0x000000008f800000, 0x000000008f900000|  0%| F|  |TAMS 0x000000008f800000, 0x000000008f800000| Untracked 
|  85|0x000000008f900000, 0x000000008f900000, 0x000000008fa00000|  0%| F|  |TAMS 0x000000008f900000, 0x000000008f900000| Untracked 
|  86|0x000000008fa00000, 0x000000008fa00000, 0x000000008fb00000|  0%| F|  |TAMS 0x000000008fa00000, 0x000000008fa00000| Untracked 
|  87|0x000000008fb00000, 0x000000008fb00000, 0x000000008fc00000|  0%| F|  |TAMS 0x000000008fb00000, 0x000000008fb00000| Untracked 
|  88|0x000000008fc00000, 0x000000008fc00000, 0x000000008fd00000|  0%| F|  |TAMS 0x000000008fc00000, 0x000000008fc00000| Untracked 
|  89|0x000000008fd00000, 0x000000008fd00000, 0x000000008fe00000|  0%| F|  |TAMS 0x000000008fd00000, 0x000000008fd00000| Untracked 
|  90|0x000000008fe00000, 0x000000008fefbc08, 0x000000008ff00000| 98%| E|  |TAMS 0x000000008fe00000, 0x000000008fe00000| Complete 
|  91|0x000000008ff00000, 0x0000000090000000, 0x0000000090000000|100%| E|CS|TAMS 0x000000008ff00000, 0x000000008ff00000| Complete 
|  92|0x0000000090000000, 0x0000000090100000, 0x0000000090100000|100%| S|CS|TAMS 0x0000000090000000, 0x0000000090000000| Complete 
|  93|0x0000000090100000, 0x0000000090200000, 0x0000000090200000|100%| S|CS|TAMS 0x0000000090100000, 0x0000000090100000| Complete 
|  94|0x0000000090200000, 0x0000000090300000, 0x0000000090300000|100%| S|CS|TAMS 0x0000000090200000, 0x0000000090200000| Complete 
|  95|0x0000000090300000, 0x0000000090400000, 0x0000000090400000|100%| E|CS|TAMS 0x0000000090300000, 0x0000000090300000| Complete 
|  96|0x0000000090400000, 0x0000000090500000, 0x0000000090500000|100%| E|CS|TAMS 0x0000000090400000, 0x0000000090400000| Complete 
|  97|0x0000000090500000, 0x0000000090600000, 0x0000000090600000|100%| E|CS|TAMS 0x0000000090500000, 0x0000000090500000| Complete 
|  98|0x0000000090600000, 0x0000000090700000, 0x0000000090700000|100%| E|CS|TAMS 0x0000000090600000, 0x0000000090600000| Complete 
|  99|0x0000000090700000, 0x0000000090800000, 0x0000000090800000|100%| E|CS|TAMS 0x0000000090700000, 0x0000000090700000| Complete 
| 100|0x0000000090800000, 0x0000000090900000, 0x0000000090900000|100%| E|CS|TAMS 0x0000000090800000, 0x0000000090800000| Complete 
| 101|0x0000000090900000, 0x0000000090a00000, 0x0000000090a00000|100%| E|CS|TAMS 0x0000000090900000, 0x0000000090900000| Complete 
| 102|0x0000000090a00000, 0x0000000090b00000, 0x0000000090b00000|100%| E|CS|TAMS 0x0000000090a00000, 0x0000000090a00000| Complete 
| 103|0x0000000090b00000, 0x0000000090c00000, 0x0000000090c00000|100%| E|CS|TAMS 0x0000000090b00000, 0x0000000090b00000| Complete 
| 104|0x0000000090c00000, 0x0000000090d00000, 0x0000000090d00000|100%| E|CS|TAMS 0x0000000090c00000, 0x0000000090c00000| Complete 
| 105|0x0000000090d00000, 0x0000000090e00000, 0x0000000090e00000|100%| E|CS|TAMS 0x0000000090d00000, 0x0000000090d00000| Complete 
| 106|0x0000000090e00000, 0x0000000090f00000, 0x0000000090f00000|100%| E|CS|TAMS 0x0000000090e00000, 0x0000000090e00000| Complete 
| 107|0x0000000090f00000, 0x0000000091000000, 0x0000000091000000|100%| E|CS|TAMS 0x0000000090f00000, 0x0000000090f00000| Complete 
| 108|0x0000000091000000, 0x0000000091100000, 0x0000000091100000|100%| E|CS|TAMS 0x0000000091000000, 0x0000000091000000| Complete 
| 109|0x0000000091100000, 0x0000000091200000, 0x0000000091200000|100%| E|CS|TAMS 0x0000000091100000, 0x0000000091100000| Complete 
| 110|0x0000000091200000, 0x0000000091300000, 0x0000000091300000|100%| E|  |TAMS 0x0000000091200000, 0x0000000091200000| Complete 
| 111|0x0000000091300000, 0x0000000091400000, 0x0000000091400000|100%| E|CS|TAMS 0x0000000091300000, 0x0000000091300000| Complete 
| 112|0x0000000091400000, 0x0000000091500000, 0x0000000091500000|100%| E|CS|TAMS 0x0000000091400000, 0x0000000091400000| Complete 
| 113|0x0000000091500000, 0x0000000091600000, 0x0000000091600000|100%| E|CS|TAMS 0x0000000091500000, 0x0000000091500000| Complete 
| 114|0x0000000091600000, 0x0000000091700000, 0x0000000091700000|100%| E|CS|TAMS 0x0000000091600000, 0x0000000091600000| Complete 
| 115|0x0000000091700000, 0x0000000091800000, 0x0000000091800000|100%| E|CS|TAMS 0x0000000091700000, 0x0000000091700000| Complete 
| 116|0x0000000091800000, 0x0000000091900000, 0x0000000091900000|100%| E|CS|TAMS 0x0000000091800000, 0x0000000091800000| Complete 
| 117|0x0000000091900000, 0x0000000091a00000, 0x0000000091a00000|100%| E|CS|TAMS 0x0000000091900000, 0x0000000091900000| Complete 

Card table byte_map: [0x0000024d7a2c0000,0x0000024d7a670000] _byte_map_base: 0x0000024d79e6e000

Marking Bits (Prev, Next): (CMBitMap*) 0x0000024d612199b0, (CMBitMap*) 0x0000024d612199f0
 Prev Bits: [0x0000024d7aa20000, 0x0000024d7c790000)
 Next Bits: [0x0000024d7c790000, 0x0000024d7e500000)

Polling page: 0x0000024d614a0000

Metaspace:

Usage:
  Non-class:     11.52 MB used.
      Class:      1.58 MB used.
       Both:     13.10 MB used.

Virtual space:
  Non-class space:       64.00 MB reserved,      11.62 MB ( 18%) committed,  1 nodes.
      Class space:        1.00 GB reserved,       1.69 MB ( <1%) committed,  1 nodes.
             Both:        1.06 GB reserved,      13.31 MB (  1%) committed. 

Chunk freelists:
   Non-Class:  4.03 MB
       Class:  14.23 MB
        Both:  18.27 MB

MaxMetaspaceSize: unlimited
CompressedClassSpaceSize: 1.00 GB
Initial GC threshold: 21.00 MB
Current GC threshold: 21.00 MB
CDS: on
MetaspaceReclaimPolicy: balanced
 - commit_granule_bytes: 65536.
 - commit_granule_words: 8192.
 - virtual_space_node_default_size: 8388608.
 - enlarge_chunks_in_place: 1.
 - new_chunks_are_fully_committed: 0.
 - uncommit_free_chunks: 1.
 - use_allocation_guard: 0.
 - handle_deallocations: 1.


Internal statistics:

num_allocs_failed_limit: 0.
num_arena_births: 182.
num_arena_deaths: 0.
num_vsnodes_births: 2.
num_vsnodes_deaths: 0.
num_space_committed: 213.
num_space_uncommitted: 0.
num_chunks_returned_to_freelist: 0.
num_chunks_taken_from_freelist: 603.
num_chunk_merges: 0.
num_chunk_splits: 419.
num_chunks_enlarged: 330.
num_inconsistent_stats: 0.

CodeHeap 'non-profiled nmethods': size=120000Kb used=599Kb max_used=599Kb free=119400Kb
 bounds [0x0000024d71e40000, 0x0000024d720b0000, 0x0000024d79370000]
CodeHeap 'profiled nmethods': size=120000Kb used=3058Kb max_used=3058Kb free=116941Kb
 bounds [0x0000024d6a370000, 0x0000024d6a670000, 0x0000024d718a0000]
CodeHeap 'non-nmethods': size=5760Kb used=1195Kb max_used=1207Kb free=4564Kb
 bounds [0x0000024d718a0000, 0x0000024d71b10000, 0x0000024d71e40000]
 total_blobs=2204 nmethods=1713 adapters=403
 compilation: enabled
              stopped_count=0, restarted_count=0
 full_count=0

Compilation events (20 events):
Event: 9.859 Thread 0x0000024d7f1ce210 1686   !   3       java.lang.invoke.MethodHandles$Lookup::canBeCached (150 bytes)
Event: 9.859 Thread 0x0000024d7f1c0fb0 nmethod 1685 0x0000024d71ed5510 code [0x0000024d71ed56a0, 0x0000024d71ed5a18]
Event: 9.861 Thread 0x0000024d7f1ce210 nmethod 1686 0x0000024d6a65cf90 code [0x0000024d6a65d3e0, 0x0000024d6a65f708]
Event: 11.868 Thread 0x0000024d7f1ce210 1687       3       jdk.internal.loader.AbstractClassLoaderValue::map (20 bytes)
Event: 11.868 Thread 0x0000024d7f1ce210 nmethod 1687 0x0000024d6a660290 code [0x0000024d6a660440, 0x0000024d6a660728]
Event: 11.868 Thread 0x0000024d7f1ce210 1688       3       jdk.internal.loader.AbstractClassLoaderValue$Sub::hashCode (19 bytes)
Event: 11.869 Thread 0x0000024d7f1ce210 nmethod 1688 0x0000024d6a660890 code [0x0000024d6a660a60, 0x0000024d6a660dd8]
Event: 12.871 Thread 0x0000024d7f1ce210 1689       3       java.security.AccessController::doPrivileged (9 bytes)
Event: 12.887 Thread 0x0000024d7f1ce210 nmethod 1689 0x0000024d6a660f10 code [0x0000024d6a6610e0, 0x0000024d6a661418]
Event: 12.887 Thread 0x0000024d7f1ce210 1690       3       jdk.internal.loader.AbstractClassLoaderValue::extractValue (17 bytes)
Event: 12.887 Thread 0x0000024d7f1ce210 nmethod 1690 0x0000024d6a661590 code [0x0000024d6a661740, 0x0000024d6a661ae8]
Event: 12.887 Thread 0x0000024d7f1ce210 1691       3       java.nio.HeapByteBuffer::ix (7 bytes)
Event: 12.887 Thread 0x0000024d7f1ce210 nmethod 1691 0x0000024d6a661c10 code [0x0000024d6a661da0, 0x0000024d6a661eb8]
Event: 12.888 Thread 0x0000024d7f1ce210 1692       3       org.springframework.util.ConcurrentReferenceHashMap$ReferenceManager::createReference (43 bytes)
Event: 12.889 Thread 0x0000024d7f1ce210 nmethod 1692 0x0000024d6a661f90 code [0x0000024d6a662180, 0x0000024d6a662708]
Event: 12.889 Thread 0x0000024d7f1ce210 1693       3       org.springframework.util.ConcurrentReferenceHashMap$SoftEntryReference::<init> (18 bytes)
Event: 12.889 Thread 0x0000024d7f1ce210 nmethod 1693 0x0000024d6a662910 code [0x0000024d6a662ac0, 0x0000024d6a662e78]
Event: 12.891 Thread 0x0000024d7f1ce210 1694       3       java.lang.Short::<init> (10 bytes)
Event: 12.891 Thread 0x0000024d7f1ce210 nmethod 1694 0x0000024d6a662f90 code [0x0000024d6a663140, 0x0000024d6a663318]
Event: 12.891 Thread 0x0000024d7f1c0fb0 1695       4       jdk.internal.loader.URLClassPath::getResource (74 bytes)

GC Heap History (2 events):
Event: 6.639 GC heap before
{Heap before GC invocations=0 (full 0):
 garbage-first heap   total 120832K, used 22528K [0x000000008a400000, 0x0000000100000000)
  region size 1024K, 23 young (23552K), 0 survivors (0K)
 Metaspace       used 6981K, committed 7104K, reserved 1114112K
  class space    used 844K, committed 896K, reserved 1048576K
}
Event: 6.642 GC heap after
{Heap after GC invocations=1 (full 0):
 garbage-first heap   total 120832K, used 4167K [0x000000008a400000, 0x0000000100000000)
  region size 1024K, 3 young (3072K), 3 survivors (3072K)
 Metaspace       used 6981K, committed 7104K, reserved 1114112K
  class space    used 844K, committed 896K, reserved 1048576K
}

Deoptimization events (20 events):
Event: 8.827 Thread 0x0000024d7fd0e0c0 Uncommon trap: trap_request=0xffffff45 fr.pc=0x0000024d71eac460 relative=0x00000000000002c0
Event: 8.827 Thread 0x0000024d7fd0e0c0 Uncommon trap: reason=unstable_if action=reinterpret pc=0x0000024d71eac460 method=jdk.internal.org.objectweb.asm.SymbolTable.put(Ljdk/internal/org/objectweb/asm/SymbolTable$Entry;)Ljdk/internal/org/objectweb/asm/SymbolTable$Entry; @ 13 c2
Event: 8.827 Thread 0x0000024d7fd0e0c0 DEOPT PACKING pc=0x0000024d71eac460 sp=0x000000f8cc4fc9c0
Event: 8.828 Thread 0x0000024d7fd0e0c0 DEOPT UNPACKING pc=0x0000024d718f23a3 sp=0x000000f8cc4fc940 mode 2
Event: 8.828 Thread 0x0000024d7fdcff60 Uncommon trap: trap_request=0xffffff45 fr.pc=0x0000024d71e53e1c relative=0x00000000000003fc
Event: 8.828 Thread 0x0000024d7fdcff60 Uncommon trap: reason=unstable_if action=reinterpret pc=0x0000024d71e53e1c method=java.lang.StringLatin1.canEncode(I)Z @ 4 c2
Event: 8.828 Thread 0x0000024d7fdcff60 DEOPT PACKING pc=0x0000024d71e53e1c sp=0x000000f8ccafdcb0
Event: 8.828 Thread 0x0000024d7fdcff60 DEOPT UNPACKING pc=0x0000024d718f23a3 sp=0x000000f8ccafdbd8 mode 2
Event: 8.828 Thread 0x0000024d7fdcff60 Uncommon trap: trap_request=0xffffff45 fr.pc=0x0000024d71ea0288 relative=0x00000000000003e8
Event: 8.828 Thread 0x0000024d7fdcff60 Uncommon trap: reason=unstable_if action=reinterpret pc=0x0000024d71ea0288 method=java.lang.AbstractStringBuilder.isLatin1()Z @ 10 c2
Event: 8.828 Thread 0x0000024d7fdcff60 DEOPT PACKING pc=0x0000024d71ea0288 sp=0x000000f8ccafdcd0
Event: 8.828 Thread 0x0000024d7fdcff60 DEOPT UNPACKING pc=0x0000024d718f23a3 sp=0x000000f8ccafdc50 mode 2
Event: 8.828 Thread 0x0000024d7fdcff60 Uncommon trap: trap_request=0xffffff45 fr.pc=0x0000024d71e7a9dc relative=0x000000000000005c
Event: 8.828 Thread 0x0000024d7fdcff60 Uncommon trap: reason=unstable_if action=reinterpret pc=0x0000024d71e7a9dc method=java.lang.AbstractStringBuilder.isLatin1()Z @ 10 c2
Event: 8.828 Thread 0x0000024d7fdcff60 DEOPT PACKING pc=0x0000024d71e7a9dc sp=0x000000f8ccafdcb0
Event: 8.828 Thread 0x0000024d7fdcff60 DEOPT UNPACKING pc=0x0000024d718f23a3 sp=0x000000f8ccafdc40 mode 2
Event: 8.829 Thread 0x0000024d7fdcff60 Uncommon trap: trap_request=0xffffff45 fr.pc=0x0000024d71e83248 relative=0x0000000000000048
Event: 8.829 Thread 0x0000024d7fdcff60 Uncommon trap: reason=unstable_if action=reinterpret pc=0x0000024d71e83248 method=java.lang.CharacterData.of(I)Ljava/lang/CharacterData; @ 4 c2
Event: 8.829 Thread 0x0000024d7fdcff60 DEOPT PACKING pc=0x0000024d71e83248 sp=0x000000f8ccafd460
Event: 8.829 Thread 0x0000024d7fdcff60 DEOPT UNPACKING pc=0x0000024d718f23a3 sp=0x000000f8ccafd3f8 mode 2

Classes unloaded (0 events):
No events

Classes redefined (0 events):
No events

Internal exceptions (20 events):
Event: 6.634 Thread 0x0000024d7fd0e0c0 Exception <a 'java/lang/NoSuchMethodError'{0x00000000903b4a58}: 'java.lang.Object java.lang.invoke.DirectMethodHandle$Holder.invokeSpecial(java.lang.Object, java.lang.Object, java.lang.Object, java.lang.Object, java.lang.Object, java.lang.Object, int)'> (0x00000000903b4a58) 
thrown [s\open\src\hotspot\share\interpreter\linkResolver.cpp, line 759]
Event: 6.635 Thread 0x0000024d7fd0e0c0 Exception <a 'java/lang/NoSuchMethodError'{0x00000000903befc0}: 'java.lang.Object java.lang.invoke.DirectMethodHandle$Holder.newInvokeSpecial(java.lang.Object, java.lang.Object, java.lang.Object, java.lang.Object, java.lang.Object, java.lang.Object, int)'> (0x00000000903befc0) 
thrown [s\open\src\hotspot\share\interpreter\linkResolver.cpp, line 759]
Event: 6.635 Thread 0x0000024d7fd0e0c0 Exception <a 'java/lang/NoSuchMethodError'{0x00000000903c4000}: 'java.lang.Object java.lang.invoke.DirectMethodHandle$Holder.invokeSpecial(java.lang.Object, java.lang.Object, java.lang.Object, java.lang.Object, java.lang.Object, java.lang.Object, java.lang.Object, int)'> (0x00000000903c4000) 
thrown [s\open\src\hotspot\share\interpreter\linkResolver.cpp, line 759]
Event: 6.659 Thread 0x0000024d7fd0e0c0 Exception <a 'java/lang/NoSuchMethodError'{0x0000000091822860}: 'int java.lang.invoke.DirectMethodHandle$Holder.invokeInterface(java.lang.Object, java.lang.Object)'> (0x0000000091822860) 
thrown [s\open\src\hotspot\share\interpreter\linkResolver.cpp, line 759]
Event: 6.662 Thread 0x0000024d7fd0e0c0 Exception <a 'java/lang/NoSuchMethodError'{0x00000000918480b8}: 'void java.lang.invoke.DirectMethodHandle$Holder.invokeSpecial(java.lang.Object, java.lang.Object, java.lang.Object, java.lang.Object, java.lang.Object)'> (0x00000000918480b8) 
thrown [s\open\src\hotspot\share\interpreter\linkResolver.cpp, line 759]
Event: 6.665 Thread 0x0000024d7fd0e0c0 Exception <a 'java/lang/NoSuchMethodError'{0x0000000091867b40}: 'java.lang.Object java.lang.invoke.DirectMethodHandle$Holder.invokeSpecial(java.lang.Object, java.lang.Object, java.lang.Object, int, java.lang.Object)'> (0x0000000091867b40) 
thrown [s\open\src\hotspot\share\interpreter\linkResolver.cpp, line 759]
Event: 6.665 Thread 0x0000024d7fd0e0c0 Exception <a 'java/lang/NoSuchMethodError'{0x0000000091870500}: 'java.lang.Object java.lang.invoke.DirectMethodHandle$Holder.newInvokeSpecial(java.lang.Object, java.lang.Object, java.lang.Object, int, java.lang.Object)'> (0x0000000091870500) 
thrown [s\open\src\hotspot\share\interpreter\linkResolver.cpp, line 759]
Event: 6.665 Thread 0x0000024d7fd0e0c0 Exception <a 'java/lang/NoSuchMethodError'{0x0000000091877ed0}: 'java.lang.Object java.lang.invoke.Invokers$Holder.linkToTargetMethod(java.lang.Object, java.lang.Object, int, java.lang.Object, java.lang.Object)'> (0x0000000091877ed0) 
thrown [s\open\src\hotspot\share\interpreter\linkResolver.cpp, line 759]
Event: 6.666 Thread 0x0000024d7fd0e0c0 Exception <a 'java/lang/NoSuchMethodError'{0x000000009188c338}: 'java.lang.Object java.lang.invoke.DirectMethodHandle$Holder.newInvokeSpecial(java.lang.Object, int, java.lang.Object)'> (0x000000009188c338) 
thrown [s\open\src\hotspot\share\interpreter\linkResolver.cpp, line 759]
Event: 6.666 Thread 0x0000024d7fd0e0c0 Exception <a 'java/lang/NoSuchMethodError'{0x00000000918910a0}: 'int java.lang.invoke.DirectMethodHandle$Holder.invokeSpecialIFC(java.lang.Object, java.lang.Object, java.lang.Object, java.lang.Object)'> (0x00000000918910a0) 
thrown [s\open\src\hotspot\share\interpreter\linkResolver.cpp, line 759]
Event: 6.679 Thread 0x0000024d7fd0e0c0 Exception <a 'java/lang/NoSuchMethodError'{0x000000009176b890}: 'void java.lang.invoke.DirectMethodHandle$Holder.invokeInterface(java.lang.Object, java.lang.Object, java.lang.Object)'> (0x000000009176b890) 
thrown [s\open\src\hotspot\share\interpreter\linkResolver.cpp, line 759]
Event: 6.693 Thread 0x0000024d7fd0e0c0 Exception <a 'java/lang/NoSuchMethodError'{0x0000000091619668}: 'void java.lang.invoke.DirectMethodHandle$Holder.invokeStaticInit(java.lang.Object, java.lang.Object, java.lang.Object)'> (0x0000000091619668) 
thrown [s\open\src\hotspot\share\interpreter\linkResolver.cpp, line 759]
Event: 6.695 Thread 0x0000024d7fd0e0c0 Exception <a 'java/lang/NoSuchMethodError'{0x0000000091632ee0}: 'java.lang.Object java.lang.invoke.DirectMethodHandle$Holder.invokeStatic(java.lang.Object, java.lang.Object, long, java.lang.Object)'> (0x0000000091632ee0) 
thrown [s\open\src\hotspot\share\interpreter\linkResolver.cpp, line 759]
Event: 6.695 Thread 0x0000024d7fd0e0c0 Exception <a 'java/lang/NoSuchMethodError'{0x0000000091636978}: 'java.lang.Object java.lang.invoke.DirectMethodHandle$Holder.invokeStaticInit(java.lang.Object, java.lang.Object, long, java.lang.Object)'> (0x0000000091636978) 
thrown [s\open\src\hotspot\share\interpreter\linkResolver.cpp, line 759]
Event: 6.696 Thread 0x0000024d7fd0e0c0 Exception <a 'java/lang/NoSuchMethodError'{0x000000009163d080}: 'java.lang.Object java.lang.invoke.DirectMethodHandle$Holder.newInvokeSpecial(java.lang.Object, java.lang.Object, long)'> (0x000000009163d080) 
thrown [s\open\src\hotspot\share\interpreter\linkResolver.cpp, line 759]
Event: 6.696 Thread 0x0000024d7fd0e0c0 Exception <a 'java/lang/NoSuchMethodError'{0x0000000091640bf0}: 'java.lang.Object java.lang.invoke.Invokers$Holder.linkToTargetMethod(java.lang.Object, long, java.lang.Object)'> (0x0000000091640bf0) 
thrown [s\open\src\hotspot\share\interpreter\linkResolver.cpp, line 759]
Event: 6.704 Thread 0x0000024d7fd0e0c0 Exception <a 'java/lang/NoSuchMethodError'{0x000000009169dbc8}: 'void java.lang.invoke.DirectMethodHandle$Holder.invokeVirtual(java.lang.Object, java.lang.Object, java.lang.Object, java.lang.Object)'> (0x000000009169dbc8) 
thrown [s\open\src\hotspot\share\interpreter\linkResolver.cpp, line 759]
Event: 8.741 Thread 0x0000024d7fd0e0c0 Exception <a 'java/lang/NoSuchMethodError'{0x00000000915ff8d0}: 'void java.lang.invoke.DirectMethodHandle$Holder.invokeSpecial(java.lang.Object, java.lang.Object, java.lang.Object)'> (0x00000000915ff8d0) 
thrown [s\open\src\hotspot\share\interpreter\linkResolver.cpp, line 759]
Event: 8.746 Thread 0x0000024d7fdcff60 Exception <a 'java/lang/NoClassDefFoundError'{0x000000009147e568}: jakarta/validation/Validation> (0x000000009147e568) 
thrown [s\open\src\hotspot\share\classfile\systemDictionary.cpp, line 245]
Event: 8.746 Thread 0x0000024d7fd0e0c0 Exception <a 'java/lang/IncompatibleClassChangeError'{0x0000000091431378}: Found class java.lang.Object, but interface was expected> (0x0000000091431378) 
thrown [s\open\src\hotspot\share\interpreter\linkResolver.cpp, line 826]

VM Operations (20 events):
Event: 6.639 Executing VM operation: G1CollectForAllocation
Event: 6.642 Executing VM operation: G1CollectForAllocation done
Event: 7.657 Executing VM operation: Cleanup
Event: 7.657 Executing VM operation: Cleanup done
Event: 8.738 Executing VM operation: HandshakeAllThreads
Event: 8.738 Executing VM operation: HandshakeAllThreads done
Event: 8.829 Executing VM operation: HandshakeAllThreads
Event: 8.829 Executing VM operation: HandshakeAllThreads done
Event: 8.829 Executing VM operation: Cleanup
Event: 8.829 Executing VM operation: Cleanup done
Event: 9.832 Executing VM operation: Cleanup
Event: 9.832 Executing VM operation: Cleanup done
Event: 10.845 Executing VM operation: Cleanup
Event: 10.846 Executing VM operation: Cleanup done
Event: 11.869 Executing VM operation: HandshakeAllThreads
Event: 12.887 Executing VM operation: HandshakeAllThreads done
Event: 12.887 Executing VM operation: Cleanup
Event: 12.887 Executing VM operation: Cleanup done
Event: 13.900 Executing VM operation: Cleanup
Event: 13.900 Executing VM operation: Cleanup done

Events (20 events):
Event: 8.825 loading class jdk/internal/reflect/ClassDefiner$1
Event: 8.825 loading class jdk/internal/reflect/ClassDefiner$1 done
Event: 8.825 loading class jdk/internal/reflect/BootstrapConstructorAccessorImpl
Event: 8.825 loading class jdk/internal/reflect/BootstrapConstructorAccessorImpl done
Event: 8.827 loading class sun/text/resources/cldr/FormatData_en
Event: 8.827 loading class sun/text/resources/cldr/FormatData_en done
Event: 8.828 loading class sun/text/resources/cldr/FormatData_en_US
Event: 8.828 loading class sun/text/resources/cldr/FormatData_en_US done
Event: 8.841 loading class java/io/StringReader
Event: 8.841 loading class java/io/StringReader done
Event: 8.841 loading class java/io/CharArrayReader
Event: 8.841 loading class java/io/CharArrayReader done
Event: 8.846 loading class jdk/internal/reflect/UnsafeObjectFieldAccessorImpl
Event: 8.846 loading class jdk/internal/reflect/UnsafeObjectFieldAccessorImpl done
Event: 12.891 loading class java/lang/Byte$ByteCache
Event: 12.891 loading class java/lang/Byte$ByteCache done
Event: 12.891 loading class java/lang/Short$ShortCache
Event: 12.891 loading class java/lang/Short$ShortCache done
Event: 12.895 loading class org/xml/sax/InputSource
Event: 12.895 loading class org/xml/sax/InputSource done


Dynamic libraries:
0x00007ff600b80000 - 0x00007ff600b90000 	C:\Program Files\Java\jdk-17\bin\java.exe
0x00007fffb2de0000 - 0x00007fffb3048000 	C:\WINDOWS\SYSTEM32\ntdll.dll
0x00007fffb2010000 - 0x00007fffb20d9000 	C:\WINDOWS\System32\KERNEL32.DLL
0x00007fffaff70000 - 0x00007fffb0362000 	C:\WINDOWS\System32\KERNELBASE.dll
0x00007fffb0810000 - 0x00007fffb095b000 	C:\WINDOWS\System32\ucrtbase.dll
0x00007fffa0970000 - 0x00007fffa098b000 	C:\Program Files\Java\jdk-17\bin\VCRUNTIME140.dll
0x00007fffa0950000 - 0x00007fffa0969000 	C:\Program Files\Java\jdk-17\bin\jli.dll
0x00007fffb1e20000 - 0x00007fffb1ed4000 	C:\WINDOWS\System32\ADVAPI32.dll
0x00007fffb2920000 - 0x00007fffb29c9000 	C:\WINDOWS\System32\msvcrt.dll
0x00007fffb2cf0000 - 0x00007fffb2d96000 	C:\WINDOWS\System32\sechost.dll
0x00007fffb2b50000 - 0x00007fffb2c68000 	C:\WINDOWS\System32\RPCRT4.dll
0x00007fffb1a50000 - 0x00007fffb1c15000 	C:\WINDOWS\System32\USER32.dll
0x00007fffb0b80000 - 0x00007fffb0ba7000 	C:\WINDOWS\System32\win32u.dll
0x00007fff9eb40000 - 0x00007fff9edd3000 	C:\WINDOWS\WinSxS\amd64_microsoft.windows.common-controls_6595b64144ccf1df_6.0.26100.6725_none_3e085828e334708b\COMCTL32.dll
0x00007fffb1a20000 - 0x00007fffb1a4b000 	C:\WINDOWS\System32\GDI32.dll
0x00007fffb06e0000 - 0x00007fffb080d000 	C:\WINDOWS\System32\gdi32full.dll
0x00007fffb0ad0000 - 0x00007fffb0b73000 	C:\WINDOWS\System32\msvcp_win.dll
0x00007fffaa020000 - 0x00007fffaa02b000 	C:\WINDOWS\SYSTEM32\VERSION.dll
0x00007fffb1ca0000 - 0x00007fffb1ccf000 	C:\WINDOWS\System32\IMM32.DLL
0x00007fffa0ed0000 - 0x00007fffa0edc000 	C:\Program Files\Java\jdk-17\bin\vcruntime140_1.dll
0x00007fffa08c0000 - 0x00007fffa094e000 	C:\Program Files\Java\jdk-17\bin\msvcp140.dll
0x00007fff18100000 - 0x00007fff18ce0000 	C:\Program Files\Java\jdk-17\bin\server\jvm.dll
0x00007fffb2350000 - 0x00007fffb2358000 	C:\WINDOWS\System32\PSAPI.DLL
0x00007fff93af0000 - 0x00007fff93afa000 	C:\WINDOWS\SYSTEM32\WSOCK32.dll
0x00007fffb1220000 - 0x00007fffb1294000 	C:\WINDOWS\System32\WS2_32.dll
0x00007fffa92f0000 - 0x00007fffa9325000 	C:\WINDOWS\SYSTEM32\WINMM.dll
0x00007fffaed00000 - 0x00007fffaed1b000 	C:\WINDOWS\SYSTEM32\kernel.appcore.dll
0x00007fffa08b0000 - 0x00007fffa08ba000 	C:\Program Files\Java\jdk-17\bin\jimage.dll
0x00007fffad920000 - 0x00007fffadb62000 	C:\WINDOWS\SYSTEM32\DBGHELP.DLL
0x00007fffb2510000 - 0x00007fffb288b000 	C:\WINDOWS\System32\combase.dll
0x00007fffb1ce0000 - 0x00007fffb1db7000 	C:\WINDOWS\System32\OLEAUT32.dll
0x00007fff9ede0000 - 0x00007fff9ee1c000 	C:\WINDOWS\SYSTEM32\dbgcore.DLL
0x00007fffb04f0000 - 0x00007fffb0588000 	C:\WINDOWS\System32\bcryptPrimitives.dll
0x00007fffa0890000 - 0x00007fffa089e000 	C:\Program Files\Java\jdk-17\bin\instrument.dll
0x00007fffa0860000 - 0x00007fffa0885000 	C:\Program Files\Java\jdk-17\bin\java.dll
0x00007fff75ea0000 - 0x00007fff75f77000 	C:\Program Files\Java\jdk-17\bin\jsvml.dll
0x00007fffb12d0000 - 0x00007fffb1a1c000 	C:\WINDOWS\System32\SHELL32.dll
0x00007fffb0960000 - 0x00007fffb0acb000 	C:\WINDOWS\System32\wintypes.dll
0x00007fffadba0000 - 0x00007fffae3fd000 	C:\WINDOWS\SYSTEM32\windows.storage.dll
0x00007fffb2a40000 - 0x00007fffb2b32000 	C:\WINDOWS\System32\SHCORE.dll
0x00007fffb29d0000 - 0x00007fffb2a32000 	C:\WINDOWS\System32\shlwapi.dll
0x00007fffafe90000 - 0x00007fffafeb9000 	C:\WINDOWS\SYSTEM32\profapi.dll
0x00007fff93860000 - 0x00007fff93878000 	C:\Program Files\Java\jdk-17\bin\zip.dll
0x00007fffa07b0000 - 0x00007fffa07c9000 	C:\Program Files\Java\jdk-17\bin\net.dll
0x00007fffa91c0000 - 0x00007fffa92df000 	C:\WINDOWS\SYSTEM32\WINHTTP.dll
0x00007fffaf250000 - 0x00007fffaf2bb000 	C:\WINDOWS\system32\mswsock.dll
0x00007fff93880000 - 0x00007fff93896000 	C:\Program Files\Java\jdk-17\bin\nio.dll
0x00007fffa07a0000 - 0x00007fffa07aa000 	C:\Program Files\Java\jdk-17\bin\management.dll
0x00007fffa06a0000 - 0x00007fffa06ab000 	C:\Program Files\Java\jdk-17\bin\management_ext.dll

dbghelp: loaded successfully - version: 4.0.5 - missing functions: none
symbol engine: initialized successfully - sym options: 0x614 - pdb path: .;C:\Program Files\Java\jdk-17\bin;C:\WINDOWS\SYSTEM32;C:\WINDOWS\WinSxS\amd64_microsoft.windows.common-controls_6595b64144ccf1df_6.0.26100.6725_none_3e085828e334708b;C:\Program Files\Java\jdk-17\bin\server

VM Arguments:
jvm_args: -javaagent:C:\Program Files\JetBrains\IntelliJ IDEA Community Edition 2025.2\lib\idea_rt.jar=62141 -Dfile.encoding=UTF-8 
java_command: com.br.pdvpostocombustivel_frontend.FrontendApplication
java_class_path (initial): C:\Users\Aluno\Documents\Projetos\JavaPooFrontend\target\classes;C:\Users\Aluno\.m2\repository\org\springframework\boot\spring-boot-starter\3.3.4\spring-boot-starter-3.3.4.jar;C:\Users\Aluno\.m2\repository\org\springframework\boot\spring-boot\3.3.4\spring-boot-3.3.4.jar;C:\Users\Aluno\.m2\repository\org\springframework\spring-context\6.1.13\spring-context-6.1.13.jar;C:\Users\Aluno\.m2\repository\org\springframework\spring-aop\6.1.13\spring-aop-6.1.13.jar;C:\Users\Aluno\.m2\repository\org\springframework\spring-expression\6.1.13\spring-expression-6.1.13.jar;C:\Users\Aluno\.m2\repository\org\springframework\boot\spring-boot-autoconfigure\3.3.4\spring-boot-autoconfigure-3.3.4.jar;C:\Users\Aluno\.m2\repository\org\springframework\boot\spring-boot-starter-logging\3.3.4\spring-boot-starter-logging-3.3.4.jar;C:\Users\Aluno\.m2\repository\ch\qos\logback\logback-classic\1.5.8\logback-classic-1.5.8.jar;C:\Users\Aluno\.m2\repository\ch\qos\logback\logback-core\1.5.8\logback-core-1.5.8.jar;C:\Users\Aluno\.m2\repository\org\apache\logging\log4j\log4j-to-slf4j\2.23.1\log4j-to-slf4j-2.23.1.jar;C:\Users\Aluno\.m2\repository\org\apache\logging\log4j\log4j-api\2.23.1\log4j-api-2.23.1.jar;C:\Users\Aluno\.m2\repository\org\slf4j\jul-to-slf4j\2.0.16\jul-to-slf4j-2.0.16.jar;C:\Users\Aluno\.m2\repository\jakarta\annotation\jakarta.annotation-api\2.1.1\jakarta.annotation-api-2.1.1.jar;C:\Users\Aluno\.m2\repository\org\springframework\spring-core\6.1.13\spring-core-6.1.13.jar;C:\Users\Aluno\.m2\repository\org\springframework\spring-jcl\6.1.13\spring-jcl-6.1.13.jar;C:\Users\Aluno\.m2\repository\org\yaml\snakeyaml\2.2\snakeyaml-2.2.jar;C:\Users\Aluno\.m2\repository\org\springframework\boot\spring-boot-starter-json\3.3.4\spring-boot-starter-json-3.3.4.jar;C:\Users\Aluno\.m2\repository\org\springframework\spring-web\6.1.13\spring-web-6.1.13.jar;C:\Users\Aluno\.m2\repository\org\springframework\spring-beans\6.1.13\spring-beans-6.1.13.jar;C:\Users\Aluno\.m2\repository
Launcher Type: SUN_STANDARD

[Global flags]
     intx CICompilerCount                          = 4                                         {product} {ergonomic}
     uint ConcGCThreads                            = 3                                         {product} {ergonomic}
     uint G1ConcRefinementThreads                  = 10                                        {product} {ergonomic}
   size_t G1HeapRegionSize                         = 1048576                                   {product} {ergonomic}
    uintx GCDrainStackTargetSize                   = 64                                        {product} {ergonomic}
   size_t InitialHeapSize                          = 123731968                                 {product} {ergonomic}
   size_t MarkStackSize                            = 4194304                                   {product} {ergonomic}
   size_t MaxHeapSize                              = 1975517184                                {product} {ergonomic}
   size_t MaxNewSize                               = 1184890880                                {product} {ergonomic}
   size_t MinHeapDeltaBytes                        = 1048576                                   {product} {ergonomic}
   size_t MinHeapSize                              = 8388608                                   {product} {ergonomic}
    uintx NonNMethodCodeHeapSize                   = 5839372                                {pd product} {ergonomic}
    uintx NonProfiledCodeHeapSize                  = 122909434                              {pd product} {ergonomic}
    uintx ProfiledCodeHeapSize                     = 122909434                              {pd product} {ergonomic}
    uintx ReservedCodeCacheSize                    = 251658240                              {pd product} {ergonomic}
     bool SegmentedCodeCache                       = true                                      {product} {ergonomic}
   size_t SoftMaxHeapSize                          = 1975517184                             {manageable} {ergonomic}
     bool UseCompressedClassPointers               = true                           {product lp64_product} {ergonomic}
     bool UseCompressedOops                        = true                           {product lp64_product} {ergonomic}
     bool UseG1GC                                  = true                                      {product} {ergonomic}
     bool UseLargePagesIndividualAllocation        = false                                  {pd product} {ergonomic}

Logging:
Log output configuration:
 #0: stdout all=warning uptime,level,tags
 #1: stderr all=off uptime,level,tags

Environment Variables:
PATH=C:\Program Files\Common Files\Oracle\Java\javapath;C:\Program Files (x86)\Common Files\Oracle\Java\java8path;C:\Program Files (x86)\Common Files\Oracle\Java\javapath;C:\Program Files\Microsoft MPI\Bin\;C:\WINDOWS\system32;C:\WINDOWS;C:\WINDOWS\System32\Wbem;C:\WINDOWS\System32\WindowsPowerShell\v1.0\;C:\WINDOWS\System32\OpenSSH\;C:\Program Files (x86)\Microsoft SQL Server\160\Tools\Binn\;C:\Program Files\Microsoft SQL Server\160\Tools\Binn\;C:\Program Files\Microsoft SQL Server\Client SDK\ODBC\170\Tools\Binn\;C:\Program Files\Microsoft SQL Server\160\DTS\Binn\;C:\Program Files (x86)\Microsoft SQL Server\160\DTS\Binn\;C:\ProgramData\UNIVALI\Portugol Studio;C:\Program Files\Git\cmd;C:\Program Files\nodejs\;C:\Users\Aluno\AppData\Local\Programs\Python\Launcher\;C:\Users\Aluno\AppData\Local\Microsoft\WindowsApps;;C:\Users\Aluno\AppData\Local\Programs\Microsoft VS Code\bin;C:\Program Files\JetBrains\IntelliJ IDEA Community Edition 2025.2\bin;C:\Users\Aluno\AppData\Roaming\npm
USERNAME=Aluno
OS=Windows_NT
PROCESSOR_IDENTIFIER=AMD64 Family 25 Model 80 Stepping 0, AuthenticAMD



---------------  S Y S T E M  ---------------

OS:
 Windows 11 , 64 bit Build 26100 (10.0.26100.6725)
OS uptime: 8 days 6:39 hours
Hyper-V role detected

CPU: total 12 (initial active 12) (12 cores per cpu, 2 threads per core) family 25 model 80 stepping 0 microcode 0xa50000c, cx8, cmov, fxsr, ht, mmx, 3dnowpref, sse, sse2, sse3, ssse3, sse4a, sse4.1, sse4.2, popcnt, lzcnt, tsc, tscinvbit, avx, avx2, aes, erms, clmul, bmi1, bmi2, adx, sha, fma, vzeroupper, clflush, clflushopt, hv

Memory: 4k page, system-wide physical 7529M (678M free)
TotalPageFile size 31081M (AvailPageFile size 7M)
current process WorkingSet (physical memory assigned to process): 106M, peak: 106M
current process commit charge ("private bytes"): 240M, peak: 240M

vm_info: Java HotSpot(TM) 64-Bit Server VM (17.0.12+8-LTS-286) for windows-amd64 JRE (17.0.12+8-LTS-286), built on Jun  5 2024 06:46:59 by "mach5one" with MS VC++ 17.6 (VS2022)

END.
